<?xml version="1.0" encoding="UTF-8"?>
<testsuite xmlns:xsi="http://www.w3.org/2001/XMLSchema-instance" xsi:noNamespaceSchemaLocation="https://maven.apache.org/surefire/maven-surefire-plugin/xsd/surefire-test-report.xsd" version="3.0.1" name="runners.TestRunner" time="53.519" tests="4" errors="0" skipped="0" failures="0">
  <properties>
[...]
</properties>
  <testcase name="Produkte von A bis Z sortieren" classname="Sortierung der Produkte auf der Produkteseite" time="25.583">
    <system-out><![CDATA[
@Sorting @SortAZ
Scenario: Produkte von A bis Z sortieren                        # src/test/resources/features/ProductSorting.feature:10
  Given der Benutzer befindet sich auf der Login-Seite          # stepdefinitions.LoginSteps.userIsOnLoginPage()
  When der Benutzer gibt "standard_user" und "secret_sauce" ein # stepdefinitions.LoginSteps.enterCredentials(java.lang.String,java.lang.String)
  Then wird die Produkte-Seite angezeigt                        # stepdefinitions.LoginSteps.verifyProductsPage()
  When der Benutzer sortiert die Produkte nach "Name (A to Z)"  # stepdefinitions.ProductSortingSteps.userSortsProducts(java.lang.String)
  Then sind die Produktnamen alphabetisch aufsteigend sortiert  # stepdefinitions.ProductSortingSteps.verifyProductsSortedAlphabetically()
]]></system-out>
    <system-err><![CDATA[SLF4J: No SLF4J providers were found.
SLF4J: Defaulting to no-operation (NOP) logger implementation
SLF4J: See https://www.slf4j.org/codes.html#noProviders for further details.
Juli 28, 2025 4:05:47 PM org.openqa.selenium.devtools.CdpVersionFinder findNearestMatch
WARNUNG: Unable to find CDP implementation matching 138
Juli 28, 2025 4:05:47 PM org.openqa.selenium.chromium.ChromiumDriver lambda$new$5
WARNUNG: Unable to find version of CDP to use for 138.0.7204.169. You may need to include a dependency on a specific version of the CDP using something similar to `org.seleniumhq.selenium:selenium-devtools-v86:4.22.0` where the version ("v86") matches the version of the chromium-based browser you're using and the version number of the artifact is the same as Selenium's.
]]></system-err>
  </testcase>
  <testcase name="Produkte von Z bis A sortieren" classname="Sortierung der Produkte auf der Produkteseite" time="9.918">
    <system-out><![CDATA[
@Sorting @SortZA
Scenario: Produkte von Z bis A sortieren                        # src/test/resources/features/ProductSorting.feature:15
  Given der Benutzer befindet sich auf der Login-Seite          # stepdefinitions.LoginSteps.userIsOnLoginPage()
  When der Benutzer gibt "standard_user" und "secret_sauce" ein # stepdefinitions.LoginSteps.enterCredentials(java.lang.String,java.lang.String)
  Then wird die Produkte-Seite angezeigt                        # stepdefinitions.LoginSteps.verifyProductsPage()
  When der Benutzer sortiert die Produkte nach "Name (Z to A)"  # stepdefinitions.ProductSortingSteps.userSortsProducts(java.lang.String)
  Then sind die Produktnamen alphabetisch absteigend sortiert   # stepdefinitions.ProductSortingSteps.verifyProductsSortedInDescendingOrder()
]]></system-out>
    <system-err><![CDATA[Juli 28, 2025 4:05:58 PM org.openqa.selenium.devtools.CdpVersionFinder findNearestMatch
WARNUNG: Unable to find CDP implementation matching 138
Juli 28, 2025 4:05:58 PM org.openqa.selenium.chromium.ChromiumDriver lambda$new$5
WARNUNG: Unable to find version of CDP to use for 138.0.7204.169. You may need to include a dependency on a specific version of the CDP using something similar to `org.seleniumhq.selenium:selenium-devtools-v86:4.22.0` where the version ("v86") matches the version of the chromium-based browser you're using and the version number of the artifact is the same as Selenium's.
]]></system-err>
  </testcase>
  <testcase name="Produkte nach Preis aufsteigend sortieren" classname="Sortierung der Produkte auf der Produkteseite" time="8.893">
    <system-out><![CDATA[
@Sorting @SortLowHigh
Scenario: Produkte nach Preis aufsteigend sortieren                  # src/test/resources/features/ProductSorting.feature:20
  Given der Benutzer befindet sich auf der Login-Seite               # stepdefinitions.LoginSteps.userIsOnLoginPage()
  When der Benutzer gibt "standard_user" und "secret_sauce" ein      # stepdefinitions.LoginSteps.enterCredentials(java.lang.String,java.lang.String)
  Then wird die Produkte-Seite angezeigt                             # stepdefinitions.LoginSteps.verifyProductsPage()
  When der Benutzer sortiert die Produkte nach "Price (low to high)" # stepdefinitions.ProductSortingSteps.userSortsProducts(java.lang.String)
  Then sind die Produktpreise aufsteigend sortiert                   # stepdefinitions.ProductSortingSteps.verifyProductPricesSortedAscending()
]]></system-out>
    <system-err><![CDATA[Juli 28, 2025 4:06:07 PM org.openqa.selenium.devtools.CdpVersionFinder findNearestMatch
WARNUNG: Unable to find CDP implementation matching 138
Juli 28, 2025 4:06:07 PM org.openqa.selenium.chromium.ChromiumDriver lambda$new$5
WARNUNG: Unable to find version of CDP to use for 138.0.7204.169. You may need to include a dependency on a specific version of the CDP using something similar to `org.seleniumhq.selenium:selenium-devtools-v86:4.22.0` where the version ("v86") matches the version of the chromium-based browser you're using and the version number of the artifact is the same as Selenium's.
]]></system-err>
  </testcase>
  <testcase name="Produkte nach Preis absteigend sortieren" classname="Sortierung der Produkte auf der Produkteseite" time="7.53">
    <system-out><![CDATA[
@Sorting @SortHighLow
Scenario: Produkte nach Preis absteigend sortieren                   # src/test/resources/features/ProductSorting.feature:25
  Given der Benutzer befindet sich auf der Login-Seite               # stepdefinitions.LoginSteps.userIsOnLoginPage()
  When der Benutzer gibt "standard_user" und "secret_sauce" ein      # stepdefinitions.LoginSteps.enterCredentials(java.lang.String,java.lang.String)
  Then wird die Produkte-Seite angezeigt                             # stepdefinitions.LoginSteps.verifyProductsPage()
  When der Benutzer sortiert die Produkte nach "Price (high to low)" # stepdefinitions.ProductSortingSteps.userSortsProducts(java.lang.String)
  Then sind die Produktpreise absteigend sortiert                    # stepdefinitions.ProductSortingSteps.verifyProductPricesSortedDescending()
]]></system-out>
    <system-err><![CDATA[Juli 28, 2025 4:06:15 PM org.openqa.selenium.devtools.CdpVersionFinder findNearestMatch
WARNUNG: Unable to find CDP implementation matching 138
Juli 28, 2025 4:06:15 PM org.openqa.selenium.chromium.ChromiumDriver lambda$new$5
WARNUNG: Unable to find version of CDP to use for 138.0.7204.169. You may need to include a dependency on a specific version of the CDP using something similar to `org.seleniumhq.selenium:selenium-devtools-v86:4.22.0` where the version ("v86") matches the version of the chromium-based browser you're using and the version number of the artifact is the same as Selenium's.
]]></system-err>
  </testcase>
</testsuite>