<?xml version="1.0" encoding="UTF-8"?>
<testsuite xmlns:xsi="http://www.w3.org/2001/XMLSchema-instance" xsi:noNamespaceSchemaLocation="https://maven.apache.org/surefire/maven-surefire-plugin/xsd/surefire-test-report.xsd" version="3.0.1" name="runners.TestRunner" time="241.475" tests="24" errors="0" skipped="0" failures="0">
  <properties>
[...]
</properties>
  <testcase name="Erfolgreicher Checkout #1" classname="Checkout-Prozess" time="20.095">
    <system-out><![CDATA[
@checkout
Scenario Outline: Erfolgreicher Checkout                                           # src/test/resources/features/Checkout.feature:25
  Given der Benutzer befindet sich auf der Login-Seite                             # stepdefinitions.LoginSteps.userIsOnLoginPage()
  When der Benutzer gibt "standard_user" und "secret_sauce" ein                    # stepdefinitions.LoginSteps.enterCredentials(java.lang.String,java.lang.String)
  Then wird die Produkte-Seite angezeigt                                           # stepdefinitions.LoginSteps.verifyProductsPage()
  Given der Benutzer wählt das "Sauce Labs Backpack" aus                           # stepdefinitions.Products_CartSteps.iAmOnTheProductsPage(java.lang.String)
  When der Benutzer klickt auf "Add to cart"                                       # stepdefinitions.Products_CartSteps.iAddAProductToTheCart()
  And der Benutzer klickt auf den Warenkorb                                        # stepdefinitions.Products_CartSteps.iGoToTheCart()
  Then befindet sich das "Sauce Labs Backpack" im Warenkorb                        # stepdefinitions.Products_CartSteps.theProductShouldBeInTheCart(java.lang.String)
  And der Benutzer klickt auf den Button "Checkout"                                # stepdefinitions.CheckoutSteps.clickCheckoutButton()
  When der Benutzer gibt "Max", "Muster" und "12345" ein                           # stepdefinitions.CheckoutSteps.enterCheckoutInformation(java.lang.String,java.lang.String,java.lang.String)
  And klickt auf den Button "Continue"                                             # stepdefinitions.CheckoutSteps.clickContinueButton()
  Then werden das "Sauce Labs Backpack" und die Einkaufsinformationen angezeigt    # stepdefinitions.CheckoutSteps.verifyCheckoutInformation(java.lang.String)
  When der Benutzer klickt auf den Button "Finish"                                 # stepdefinitions.CheckoutSteps.clickFinishButton()
  Then erhält der Benutzer eine Bestätigung seines Einkaufs                        # stepdefinitions.CheckoutSteps.verifyCheckoutCompleteMessage()
  And klickt auf den Button "Back Home"                                            # stepdefinitions.CheckoutSteps.clickBackToProductsButton()
No badge found
  Then der Benutzer befindet sich auf der Produkt-Seite und der Warenkorb ist leer # stepdefinitions.CheckoutSteps.verifyUserOnProductsPage()
]]></system-out>
    <system-err><![CDATA[SLF4J: No SLF4J providers were found.
SLF4J: Defaulting to no-operation (NOP) logger implementation
SLF4J: See https://www.slf4j.org/codes.html#noProviders for further details.
Juli 28, 2025 6:01:19 PM org.openqa.selenium.devtools.CdpVersionFinder findNearestMatch
WARNUNG: Unable to find CDP implementation matching 138
Juli 28, 2025 6:01:19 PM org.openqa.selenium.chromium.ChromiumDriver lambda$new$5
WARNUNG: Unable to find version of CDP to use for 138.0.7204.169. You may need to include a dependency on a specific version of the CDP using something similar to `org.seleniumhq.selenium:selenium-devtools-v86:4.22.0` where the version ("v86") matches the version of the chromium-based browser you're using and the version number of the artifact is the same as Selenium's.
]]></system-err>
  </testcase>
  <testcase name="Erfolgreicher Checkout #2" classname="Checkout-Prozess" time="13.27">
    <system-out><![CDATA[
@checkout
Scenario Outline: Erfolgreicher Checkout                                            # src/test/resources/features/Checkout.feature:26
  Given der Benutzer befindet sich auf der Login-Seite                              # stepdefinitions.LoginSteps.userIsOnLoginPage()
  When der Benutzer gibt "standard_user" und "secret_sauce" ein                     # stepdefinitions.LoginSteps.enterCredentials(java.lang.String,java.lang.String)
  Then wird die Produkte-Seite angezeigt                                            # stepdefinitions.LoginSteps.verifyProductsPage()
  Given der Benutzer wählt das "Sauce Labs Bolt T-Shirt" aus                        # stepdefinitions.Products_CartSteps.iAmOnTheProductsPage(java.lang.String)
  When der Benutzer klickt auf "Add to cart"                                        # stepdefinitions.Products_CartSteps.iAddAProductToTheCart()
  And der Benutzer klickt auf den Warenkorb                                         # stepdefinitions.Products_CartSteps.iGoToTheCart()
  Then befindet sich das "Sauce Labs Bolt T-Shirt" im Warenkorb                     # stepdefinitions.Products_CartSteps.theProductShouldBeInTheCart(java.lang.String)
  And der Benutzer klickt auf den Button "Checkout"                                 # stepdefinitions.CheckoutSteps.clickCheckoutButton()
  When der Benutzer gibt "Lisa", "Schmidt" und "98765" ein                          # stepdefinitions.CheckoutSteps.enterCheckoutInformation(java.lang.String,java.lang.String,java.lang.String)
  And klickt auf den Button "Continue"                                              # stepdefinitions.CheckoutSteps.clickContinueButton()
  Then werden das "Sauce Labs Bolt T-Shirt" und die Einkaufsinformationen angezeigt # stepdefinitions.CheckoutSteps.verifyCheckoutInformation(java.lang.String)
  When der Benutzer klickt auf den Button "Finish"                                  # stepdefinitions.CheckoutSteps.clickFinishButton()
  Then erhält der Benutzer eine Bestätigung seines Einkaufs                         # stepdefinitions.CheckoutSteps.verifyCheckoutCompleteMessage()
  And klickt auf den Button "Back Home"                                             # stepdefinitions.CheckoutSteps.clickBackToProductsButton()
No badge found
  Then der Benutzer befindet sich auf der Produkt-Seite und der Warenkorb ist leer  # stepdefinitions.CheckoutSteps.verifyUserOnProductsPage()
]]></system-out>
    <system-err><![CDATA[Juli 28, 2025 6:01:33 PM org.openqa.selenium.devtools.CdpVersionFinder findNearestMatch
WARNUNG: Unable to find CDP implementation matching 138
Juli 28, 2025 6:01:33 PM org.openqa.selenium.chromium.ChromiumDriver lambda$new$5
WARNUNG: Unable to find version of CDP to use for 138.0.7204.169. You may need to include a dependency on a specific version of the CDP using something similar to `org.seleniumhq.selenium:selenium-devtools-v86:4.22.0` where the version ("v86") matches the version of the chromium-based browser you're using and the version number of the artifact is the same as Selenium's.
]]></system-err>
  </testcase>
  <testcase name="Erfolgreiches Login" classname="Login Feature" time="10.127">
    <system-out><![CDATA[
@Login
Scenario: Erfolgreiches Login                                   # src/test/resources/features/Login.feature:4
  Given der Benutzer befindet sich auf der Login-Seite          # stepdefinitions.LoginSteps.userIsOnLoginPage()
  When der Benutzer gibt "standard_user" und "secret_sauce" ein # stepdefinitions.LoginSteps.enterCredentials(java.lang.String,java.lang.String)
  Then wird die Produkte-Seite angezeigt                        # stepdefinitions.LoginSteps.verifyProductsPage()
]]></system-out>
    <system-err><![CDATA[Juli 28, 2025 6:01:46 PM org.openqa.selenium.devtools.CdpVersionFinder findNearestMatch
WARNUNG: Unable to find CDP implementation matching 138
Juli 28, 2025 6:01:46 PM org.openqa.selenium.chromium.ChromiumDriver lambda$new$5
WARNUNG: Unable to find version of CDP to use for 138.0.7204.169. You may need to include a dependency on a specific version of the CDP using something similar to `org.seleniumhq.selenium:selenium-devtools-v86:4.22.0` where the version ("v86") matches the version of the chromium-based browser you're using and the version number of the artifact is the same as Selenium's.
]]></system-err>
  </testcase>
  <testcase name="Erfolgreiches Login mit mehreren Benutzer #1" classname="Login Feature" time="7.965">
    <system-out><![CDATA[
@Login
Scenario Outline: Erfolgreiches Login mit mehreren Benutzer     # src/test/resources/features/Login.feature:16
  Given der Benutzer befindet sich auf der Login-Seite          # stepdefinitions.LoginSteps.userIsOnLoginPage()
  When der Benutzer gibt "standard_user" und "secret_sauce" ein # stepdefinitions.LoginSteps.enterCredentials(java.lang.String,java.lang.String)
  Then wird die Produkte-Seite angezeigt                        # stepdefinitions.LoginSteps.verifyProductsPage()
]]></system-out>
    <system-err><![CDATA[Juli 28, 2025 6:01:56 PM org.openqa.selenium.devtools.CdpVersionFinder findNearestMatch
WARNUNG: Unable to find CDP implementation matching 138
Juli 28, 2025 6:01:56 PM org.openqa.selenium.chromium.ChromiumDriver lambda$new$5
WARNUNG: Unable to find version of CDP to use for 138.0.7204.169. You may need to include a dependency on a specific version of the CDP using something similar to `org.seleniumhq.selenium:selenium-devtools-v86:4.22.0` where the version ("v86") matches the version of the chromium-based browser you're using and the version number of the artifact is the same as Selenium's.
]]></system-err>
  </testcase>
  <testcase name="Erfolgreiches Login mit mehreren Benutzer #2" classname="Login Feature" time="8.203">
    <system-out><![CDATA[
@Login
Scenario Outline: Erfolgreiches Login mit mehreren Benutzer    # src/test/resources/features/Login.feature:17
  Given der Benutzer befindet sich auf der Login-Seite         # stepdefinitions.LoginSteps.userIsOnLoginPage()
  When der Benutzer gibt "problem_user" und "secret_sauce" ein # stepdefinitions.LoginSteps.enterCredentials(java.lang.String,java.lang.String)
  Then wird die Produkte-Seite angezeigt                       # stepdefinitions.LoginSteps.verifyProductsPage()
]]></system-out>
    <system-err><![CDATA[Juli 28, 2025 6:02:04 PM org.openqa.selenium.devtools.CdpVersionFinder findNearestMatch
WARNUNG: Unable to find CDP implementation matching 138
Juli 28, 2025 6:02:04 PM org.openqa.selenium.chromium.ChromiumDriver lambda$new$5
WARNUNG: Unable to find version of CDP to use for 138.0.7204.169. You may need to include a dependency on a specific version of the CDP using something similar to `org.seleniumhq.selenium:selenium-devtools-v86:4.22.0` where the version ("v86") matches the version of the chromium-based browser you're using and the version number of the artifact is the same as Selenium's.
]]></system-err>
  </testcase>
  <testcase name="Erfolgreiches Login mit mehreren Benutzer #3" classname="Login Feature" time="13.355">
    <system-out><![CDATA[
@Login
Scenario Outline: Erfolgreiches Login mit mehreren Benutzer               # src/test/resources/features/Login.feature:18
  Given der Benutzer befindet sich auf der Login-Seite                    # stepdefinitions.LoginSteps.userIsOnLoginPage()
  When der Benutzer gibt "performance_glitch_user" und "secret_sauce" ein # stepdefinitions.LoginSteps.enterCredentials(java.lang.String,java.lang.String)
  Then wird die Produkte-Seite angezeigt                                  # stepdefinitions.LoginSteps.verifyProductsPage()
]]></system-out>
    <system-err><![CDATA[Juli 28, 2025 6:02:11 PM org.openqa.selenium.devtools.CdpVersionFinder findNearestMatch
WARNUNG: Unable to find CDP implementation matching 138
Juli 28, 2025 6:02:11 PM org.openqa.selenium.chromium.ChromiumDriver lambda$new$5
WARNUNG: Unable to find version of CDP to use for 138.0.7204.169. You may need to include a dependency on a specific version of the CDP using something similar to `org.seleniumhq.selenium:selenium-devtools-v86:4.22.0` where the version ("v86") matches the version of the chromium-based browser you're using and the version number of the artifact is the same as Selenium's.
]]></system-err>
  </testcase>
  <testcase name="Fehlgeschlagenes Login" classname="Login Feature" time="10.43">
    <system-out><![CDATA[
@Login
Scenario: Fehlgeschlagenes Login                                  # src/test/resources/features/Login.feature:20
  Given der Benutzer befindet sich auf der Login-Seite            # stepdefinitions.LoginSteps.userIsOnLoginPage()
  When der Benutzer gibt "locked_out_user" und "secret_sauce" ein # stepdefinitions.LoginSteps.enterCredentials(java.lang.String,java.lang.String)
  Then wird das error_Message angezeigt                           # stepdefinitions.LoginSteps.verifyErrorMessage()
]]></system-out>
    <system-err><![CDATA[Juli 28, 2025 6:02:24 PM org.openqa.selenium.devtools.CdpVersionFinder findNearestMatch
WARNUNG: Unable to find CDP implementation matching 138
Juli 28, 2025 6:02:24 PM org.openqa.selenium.chromium.ChromiumDriver lambda$new$5
WARNUNG: Unable to find version of CDP to use for 138.0.7204.169. You may need to include a dependency on a specific version of the CDP using something similar to `org.seleniumhq.selenium:selenium-devtools-v86:4.22.0` where the version ("v86") matches the version of the chromium-based browser you're using and the version number of the artifact is the same as Selenium's.
]]></system-err>
  </testcase>
  <testcase name="Erfolgreiches Logout" classname="Logout Feature" time="9.491">
    <system-out><![CDATA[
@Logout
Scenario: Erfolgreiches Logout                                  # src/test/resources/features/Logout.feature:9
  Given der Benutzer befindet sich auf der Login-Seite          # stepdefinitions.LoginSteps.userIsOnLoginPage()
  When der Benutzer gibt "standard_user" und "secret_sauce" ein # stepdefinitions.LoginSteps.enterCredentials(java.lang.String,java.lang.String)
  Then wird die Produkte-Seite angezeigt                        # stepdefinitions.LoginSteps.verifyProductsPage()
  Given der Benutzer klickt auf das Burger-Menü                 # stepdefinitions.LogoutSteps.clickOnBurgerMenu()
  When der Benutzer wählt "Logout" aus                          # stepdefinitions.LogoutSteps.selectLogout()
  Then wird die Login-Seite angezeigt                           # stepdefinitions.LogoutSteps.verifyLoginPageDisplayed()
]]></system-out>
    <system-err><![CDATA[Juli 28, 2025 6:02:35 PM org.openqa.selenium.devtools.CdpVersionFinder findNearestMatch
WARNUNG: Unable to find CDP implementation matching 138
Juli 28, 2025 6:02:35 PM org.openqa.selenium.chromium.ChromiumDriver lambda$new$5
WARNUNG: Unable to find version of CDP to use for 138.0.7204.169. You may need to include a dependency on a specific version of the CDP using something similar to `org.seleniumhq.selenium:selenium-devtools-v86:4.22.0` where the version ("v86") matches the version of the chromium-based browser you're using and the version number of the artifact is the same as Selenium's.
]]></system-err>
  </testcase>
  <testcase name="Navigation zur About-Seite" classname="Seitennavigation über das Menü" time="20.42">
    <system-out><![CDATA[
@Navigation @About
Scenario: Navigation zur About-Seite                            # src/test/resources/features/PageNavigation.feature:10
  Given der Benutzer befindet sich auf der Login-Seite          # stepdefinitions.LoginSteps.userIsOnLoginPage()
  When der Benutzer gibt "standard_user" und "secret_sauce" ein # stepdefinitions.LoginSteps.enterCredentials(java.lang.String,java.lang.String)
  Then wird die Produkte-Seite angezeigt                        # stepdefinitions.LoginSteps.verifyProductsPage()
  Given der Benutzer klickt auf das Burger-Menü                 # stepdefinitions.LogoutSteps.clickOnBurgerMenu()
  When der Benutzer wählt "About" aus                           # stepdefinitions.PageNavigationSteps.userNavigatesToProductsPage()
  Then wird die About-Seite geöffnet                            # stepdefinitions.PageNavigationSteps.userSeesProductsDisplayed()
]]></system-out>
    <system-err><![CDATA[Juli 28, 2025 6:02:44 PM org.openqa.selenium.devtools.CdpVersionFinder findNearestMatch
WARNUNG: Unable to find CDP implementation matching 138
Juli 28, 2025 6:02:44 PM org.openqa.selenium.chromium.ChromiumDriver lambda$new$5
WARNUNG: Unable to find version of CDP to use for 138.0.7204.169. You may need to include a dependency on a specific version of the CDP using something similar to `org.seleniumhq.selenium:selenium-devtools-v86:4.22.0` where the version ("v86") matches the version of the chromium-based browser you're using and the version number of the artifact is the same as Selenium's.
]]></system-err>
  </testcase>
  <testcase name="Navigation über &quot;Reset App State&quot; #1" classname="Seitennavigation über das Menü" time="7.894">
    <system-out><![CDATA[
@Navigation @Reset
Scenario Outline: Navigation über "Reset App State"             # src/test/resources/features/PageNavigation.feature:25
  Given der Benutzer befindet sich auf der Login-Seite          # stepdefinitions.LoginSteps.userIsOnLoginPage()
  When der Benutzer gibt "standard_user" und "secret_sauce" ein # stepdefinitions.LoginSteps.enterCredentials(java.lang.String,java.lang.String)
  Then wird die Produkte-Seite angezeigt                        # stepdefinitions.LoginSteps.verifyProductsPage()
  Given der Benutzer wählt das "Sauce Labs Backpack" aus        # stepdefinitions.Products_CartSteps.iAmOnTheProductsPage(java.lang.String)
  When der Benutzer klickt auf "Add to cart" im Warenkorb       # stepdefinitions.PageNavigationSteps.userAddsProductToCart()
  And der Benutzer klickt auf das Burger-Menü im Warenkorb      # stepdefinitions.PageNavigationSteps.userClicksOnBurgerMenuInCart()
  When der Benutzer wählt "Reset App State" aus                 # stepdefinitions.PageNavigationSteps.userClicksOnResetAppState()
No badge found
No badge found
  Then ist der Warenkorb leer                                   # stepdefinitions.Products_CartSteps.emptyCart()
]]></system-out>
    <system-err><![CDATA[Juli 28, 2025 6:03:05 PM org.openqa.selenium.devtools.CdpVersionFinder findNearestMatch
WARNUNG: Unable to find CDP implementation matching 138
Juli 28, 2025 6:03:05 PM org.openqa.selenium.chromium.ChromiumDriver lambda$new$5
WARNUNG: Unable to find version of CDP to use for 138.0.7204.169. You may need to include a dependency on a specific version of the CDP using something similar to `org.seleniumhq.selenium:selenium-devtools-v86:4.22.0` where the version ("v86") matches the version of the chromium-based browser you're using and the version number of the artifact is the same as Selenium's.
]]></system-err>
  </testcase>
  <testcase name="Navigation über &quot;Reset App State&quot; #2" classname="Seitennavigation über das Menü" time="8.877">
    <system-out><![CDATA[
@Navigation @Reset
Scenario Outline: Navigation über "Reset App State"             # src/test/resources/features/PageNavigation.feature:26
  Given der Benutzer befindet sich auf der Login-Seite          # stepdefinitions.LoginSteps.userIsOnLoginPage()
  When der Benutzer gibt "standard_user" und "secret_sauce" ein # stepdefinitions.LoginSteps.enterCredentials(java.lang.String,java.lang.String)
  Then wird die Produkte-Seite angezeigt                        # stepdefinitions.LoginSteps.verifyProductsPage()
  Given der Benutzer wählt das "Sauce Labs Bolt T-Shirt" aus    # stepdefinitions.Products_CartSteps.iAmOnTheProductsPage(java.lang.String)
  When der Benutzer klickt auf "Add to cart" im Warenkorb       # stepdefinitions.PageNavigationSteps.userAddsProductToCart()
  And der Benutzer klickt auf das Burger-Menü im Warenkorb      # stepdefinitions.PageNavigationSteps.userClicksOnBurgerMenuInCart()
  When der Benutzer wählt "Reset App State" aus                 # stepdefinitions.PageNavigationSteps.userClicksOnResetAppState()
No badge found
No badge found
  Then ist der Warenkorb leer                                   # stepdefinitions.Products_CartSteps.emptyCart()
]]></system-out>
    <system-err><![CDATA[Juli 28, 2025 6:03:13 PM org.openqa.selenium.devtools.CdpVersionFinder findNearestMatch
WARNUNG: Unable to find CDP implementation matching 138
Juli 28, 2025 6:03:13 PM org.openqa.selenium.chromium.ChromiumDriver lambda$new$5
WARNUNG: Unable to find version of CDP to use for 138.0.7204.169. You may need to include a dependency on a specific version of the CDP using something similar to `org.seleniumhq.selenium:selenium-devtools-v86:4.22.0` where the version ("v86") matches the version of the chromium-based browser you're using and the version number of the artifact is the same as Selenium's.
]]></system-err>
  </testcase>
  <testcase name="Produkte von A bis Z sortieren" classname="Sortierung der Produkte auf der Produkteseite" time="7.294">
    <system-out><![CDATA[
@Sorting @SortAZ
Scenario: Produkte von A bis Z sortieren                        # src/test/resources/features/ProductSorting.feature:10
  Given der Benutzer befindet sich auf der Login-Seite          # stepdefinitions.LoginSteps.userIsOnLoginPage()
  When der Benutzer gibt "standard_user" und "secret_sauce" ein # stepdefinitions.LoginSteps.enterCredentials(java.lang.String,java.lang.String)
  Then wird die Produkte-Seite angezeigt                        # stepdefinitions.LoginSteps.verifyProductsPage()
  When der Benutzer sortiert die Produkte nach "Name (A to Z)"  # stepdefinitions.ProductSortingSteps.userSortsProducts(java.lang.String)
  Then sind die Produktnamen alphabetisch aufsteigend sortiert  # stepdefinitions.ProductSortingSteps.verifyProductsSortedAlphabetically()
]]></system-out>
    <system-err><![CDATA[Juli 28, 2025 6:03:22 PM org.openqa.selenium.devtools.CdpVersionFinder findNearestMatch
WARNUNG: Unable to find CDP implementation matching 138
Juli 28, 2025 6:03:22 PM org.openqa.selenium.chromium.ChromiumDriver lambda$new$5
WARNUNG: Unable to find version of CDP to use for 138.0.7204.169. You may need to include a dependency on a specific version of the CDP using something similar to `org.seleniumhq.selenium:selenium-devtools-v86:4.22.0` where the version ("v86") matches the version of the chromium-based browser you're using and the version number of the artifact is the same as Selenium's.
]]></system-err>
  </testcase>
  <testcase name="Produkte von Z bis A sortieren" classname="Sortierung der Produkte auf der Produkteseite" time="7.859">
    <system-out><![CDATA[
@Sorting @SortZA
Scenario: Produkte von Z bis A sortieren                        # src/test/resources/features/ProductSorting.feature:15
  Given der Benutzer befindet sich auf der Login-Seite          # stepdefinitions.LoginSteps.userIsOnLoginPage()
  When der Benutzer gibt "standard_user" und "secret_sauce" ein # stepdefinitions.LoginSteps.enterCredentials(java.lang.String,java.lang.String)
  Then wird die Produkte-Seite angezeigt                        # stepdefinitions.LoginSteps.verifyProductsPage()
  When der Benutzer sortiert die Produkte nach "Name (Z to A)"  # stepdefinitions.ProductSortingSteps.userSortsProducts(java.lang.String)
  Then sind die Produktnamen alphabetisch absteigend sortiert   # stepdefinitions.ProductSortingSteps.verifyProductsSortedInDescendingOrder()
]]></system-out>
    <system-err><![CDATA[Juli 28, 2025 6:03:29 PM org.openqa.selenium.devtools.CdpVersionFinder findNearestMatch
WARNUNG: Unable to find CDP implementation matching 138
Juli 28, 2025 6:03:29 PM org.openqa.selenium.chromium.ChromiumDriver lambda$new$5
WARNUNG: Unable to find version of CDP to use for 138.0.7204.169. You may need to include a dependency on a specific version of the CDP using something similar to `org.seleniumhq.selenium:selenium-devtools-v86:4.22.0` where the version ("v86") matches the version of the chromium-based browser you're using and the version number of the artifact is the same as Selenium's.
]]></system-err>
  </testcase>
  <testcase name="Produkte nach Preis aufsteigend sortieren" classname="Sortierung der Produkte auf der Produkteseite" time="8.318">
    <system-out><![CDATA[
@Sorting @SortLowHigh
Scenario: Produkte nach Preis aufsteigend sortieren                  # src/test/resources/features/ProductSorting.feature:20
  Given der Benutzer befindet sich auf der Login-Seite               # stepdefinitions.LoginSteps.userIsOnLoginPage()
  When der Benutzer gibt "standard_user" und "secret_sauce" ein      # stepdefinitions.LoginSteps.enterCredentials(java.lang.String,java.lang.String)
  Then wird die Produkte-Seite angezeigt                             # stepdefinitions.LoginSteps.verifyProductsPage()
  When der Benutzer sortiert die Produkte nach "Price (low to high)" # stepdefinitions.ProductSortingSteps.userSortsProducts(java.lang.String)
  Then sind die Produktpreise aufsteigend sortiert                   # stepdefinitions.ProductSortingSteps.verifyProductPricesSortedAscending()
]]></system-out>
    <system-err><![CDATA[Juli 28, 2025 6:03:36 PM org.openqa.selenium.devtools.CdpVersionFinder findNearestMatch
WARNUNG: Unable to find CDP implementation matching 138
Juli 28, 2025 6:03:36 PM org.openqa.selenium.chromium.ChromiumDriver lambda$new$5
WARNUNG: Unable to find version of CDP to use for 138.0.7204.169. You may need to include a dependency on a specific version of the CDP using something similar to `org.seleniumhq.selenium:selenium-devtools-v86:4.22.0` where the version ("v86") matches the version of the chromium-based browser you're using and the version number of the artifact is the same as Selenium's.
]]></system-err>
  </testcase>
  <testcase name="Produkte nach Preis absteigend sortieren" classname="Sortierung der Produkte auf der Produkteseite" time="7.521">
    <system-out><![CDATA[
@Sorting @SortHighLow
Scenario: Produkte nach Preis absteigend sortieren                   # src/test/resources/features/ProductSorting.feature:25
  Given der Benutzer befindet sich auf der Login-Seite               # stepdefinitions.LoginSteps.userIsOnLoginPage()
  When der Benutzer gibt "standard_user" und "secret_sauce" ein      # stepdefinitions.LoginSteps.enterCredentials(java.lang.String,java.lang.String)
  Then wird die Produkte-Seite angezeigt                             # stepdefinitions.LoginSteps.verifyProductsPage()
  When der Benutzer sortiert die Produkte nach "Price (high to low)" # stepdefinitions.ProductSortingSteps.userSortsProducts(java.lang.String)
  Then sind die Produktpreise absteigend sortiert                    # stepdefinitions.ProductSortingSteps.verifyProductPricesSortedDescending()
]]></system-out>
    <system-err><![CDATA[Juli 28, 2025 6:03:45 PM org.openqa.selenium.devtools.CdpVersionFinder findNearestMatch
WARNUNG: Unable to find CDP implementation matching 138
Juli 28, 2025 6:03:45 PM org.openqa.selenium.chromium.ChromiumDriver lambda$new$5
WARNUNG: Unable to find version of CDP to use for 138.0.7204.169. You may need to include a dependency on a specific version of the CDP using something similar to `org.seleniumhq.selenium:selenium-devtools-v86:4.22.0` where the version ("v86") matches the version of the chromium-based browser you're using and the version number of the artifact is the same as Selenium's.
]]></system-err>
  </testcase>
  <testcase name="Einzelnes Produkt zum Warenkorb hinzufügen #1" classname="Produktauswahl und Warenkorb" time="8.515">
    <system-out><![CDATA[
@Cart @SingleProduct
Scenario Outline: Einzelnes Produkt zum Warenkorb hinzufügen         # src/test/resources/features/Products_Cart.feature:22
  Given der Benutzer befindet sich auf der Login-Seite               # stepdefinitions.LoginSteps.userIsOnLoginPage()
  When der Benutzer gibt "standard_user" und "secret_sauce" ein      # stepdefinitions.LoginSteps.enterCredentials(java.lang.String,java.lang.String)
  Then wird die Produkte-Seite angezeigt                             # stepdefinitions.LoginSteps.verifyProductsPage()
  Given der Benutzer wählt das "Sauce Labs Backpack" aus             # stepdefinitions.Products_CartSteps.iAmOnTheProductsPage(java.lang.String)
  When der Benutzer klickt auf "Add to cart"                         # stepdefinitions.Products_CartSteps.iAddAProductToTheCart()
  And der Benutzer klickt auf den Warenkorb                          # stepdefinitions.Products_CartSteps.iGoToTheCart()
  Then befindet sich das "Sauce Labs Backpack" im Warenkorb          # stepdefinitions.Products_CartSteps.theProductShouldBeInTheCart(java.lang.String)
Produkt wurde entfernt: Sauce Labs Backpack
  When der Benutzer entfernt das "Sauce Labs Backpack" aus Warenkorb # stepdefinitions.Products_CartSteps.removeFromCart(java.lang.String)
No badge found
No badge found
  Then ist der Warenkorb leer                                        # stepdefinitions.Products_CartSteps.emptyCart()
]]></system-out>
    <system-err><![CDATA[Juli 28, 2025 6:03:53 PM org.openqa.selenium.devtools.CdpVersionFinder findNearestMatch
WARNUNG: Unable to find CDP implementation matching 138
Juli 28, 2025 6:03:53 PM org.openqa.selenium.chromium.ChromiumDriver lambda$new$5
WARNUNG: Unable to find version of CDP to use for 138.0.7204.169. You may need to include a dependency on a specific version of the CDP using something similar to `org.seleniumhq.selenium:selenium-devtools-v86:4.22.0` where the version ("v86") matches the version of the chromium-based browser you're using and the version number of the artifact is the same as Selenium's.
]]></system-err>
  </testcase>
  <testcase name="Einzelnes Produkt zum Warenkorb hinzufügen #2" classname="Produktauswahl und Warenkorb" time="8.203">
    <system-out><![CDATA[
@Cart @SingleProduct
Scenario Outline: Einzelnes Produkt zum Warenkorb hinzufügen             # src/test/resources/features/Products_Cart.feature:23
  Given der Benutzer befindet sich auf der Login-Seite                   # stepdefinitions.LoginSteps.userIsOnLoginPage()
  When der Benutzer gibt "standard_user" und "secret_sauce" ein          # stepdefinitions.LoginSteps.enterCredentials(java.lang.String,java.lang.String)
  Then wird die Produkte-Seite angezeigt                                 # stepdefinitions.LoginSteps.verifyProductsPage()
  Given der Benutzer wählt das "Sauce Labs Bolt T-Shirt" aus             # stepdefinitions.Products_CartSteps.iAmOnTheProductsPage(java.lang.String)
  When der Benutzer klickt auf "Add to cart"                             # stepdefinitions.Products_CartSteps.iAddAProductToTheCart()
  And der Benutzer klickt auf den Warenkorb                              # stepdefinitions.Products_CartSteps.iGoToTheCart()
  Then befindet sich das "Sauce Labs Bolt T-Shirt" im Warenkorb          # stepdefinitions.Products_CartSteps.theProductShouldBeInTheCart(java.lang.String)
Produkt wurde entfernt: Sauce Labs Bolt T-Shirt
  When der Benutzer entfernt das "Sauce Labs Bolt T-Shirt" aus Warenkorb # stepdefinitions.Products_CartSteps.removeFromCart(java.lang.String)
No badge found
No badge found
  Then ist der Warenkorb leer                                            # stepdefinitions.Products_CartSteps.emptyCart()
]]></system-out>
    <system-err><![CDATA[Juli 28, 2025 6:04:01 PM org.openqa.selenium.devtools.CdpVersionFinder findNearestMatch
WARNUNG: Unable to find CDP implementation matching 138
Juli 28, 2025 6:04:01 PM org.openqa.selenium.chromium.ChromiumDriver lambda$new$5
WARNUNG: Unable to find version of CDP to use for 138.0.7204.169. You may need to include a dependency on a specific version of the CDP using something similar to `org.seleniumhq.selenium:selenium-devtools-v86:4.22.0` where the version ("v86") matches the version of the chromium-based browser you're using and the version number of the artifact is the same as Selenium's.
]]></system-err>
  </testcase>
  <testcase name="Mehrere Produkte in Warenkorb hinzufügen und entfernen" classname="Produktauswahl und Warenkorb" time="8.429">
    <system-out><![CDATA[
@Cart @WarenkorbTabelle
Scenario Outline: Mehrere Produkte in Warenkorb hinzufügen und entfernen # src/test/resources/features/Products_Cart.feature:26
  Given der Benutzer befindet sich auf der Login-Seite                   # stepdefinitions.LoginSteps.userIsOnLoginPage()
  When der Benutzer gibt "standard_user" und "secret_sauce" ein          # stepdefinitions.LoginSteps.enterCredentials(java.lang.String,java.lang.String)
  Then wird die Produkte-Seite angezeigt                                 # stepdefinitions.LoginSteps.verifyProductsPage()
  Given der Benutzer wählt die folgenden Produkte aus:                   # stepdefinitions.Products_CartSteps.iSelectProducts(io.cucumber.datatable.DataTable)
    | Sauce Labs Backpack     |
    | Sauce Labs Bolt T-Shirt |
  When der Benutzer klickt auf den Warenkorb                             # stepdefinitions.Products_CartSteps.iGoToTheCart()
  Then enthält der Warenkorb folgende Produkte:                          # stepdefinitions.Products_CartSteps.theCartShouldContainProducts(io.cucumber.datatable.DataTable)
    | Sauce Labs Backpack     |
    | Sauce Labs Bolt T-Shirt |
Produkt wurde entfernt: Sauce Labs Backpack
Produkt wurde entfernt: Sauce Labs Bolt T-Shirt
  When der Benutzer entfernt die Produkte aus Warenkorb                  # stepdefinitions.Products_CartSteps.removeProductsFromCart(io.cucumber.datatable.DataTable)
    | Sauce Labs Backpack     |
    | Sauce Labs Bolt T-Shirt |
No badge found
No badge found
  Then ist der Warenkorb leer                                            # stepdefinitions.Products_CartSteps.emptyCart()
]]></system-out>
    <system-err><![CDATA[Juli 28, 2025 6:04:10 PM org.openqa.selenium.devtools.CdpVersionFinder findNearestMatch
WARNUNG: Unable to find CDP implementation matching 138
Juli 28, 2025 6:04:10 PM org.openqa.selenium.chromium.ChromiumDriver lambda$new$5
WARNUNG: Unable to find version of CDP to use for 138.0.7204.169. You may need to include a dependency on a specific version of the CDP using something similar to `org.seleniumhq.selenium:selenium-devtools-v86:4.22.0` where the version ("v86") matches the version of the chromium-based browser you're using and the version number of the artifact is the same as Selenium's.
]]></system-err>
  </testcase>
  <testcase name="Überprüfung der Produktanzeige mit Preisen #1" classname="Anzeige von Produktnamen und Preisen" time="9.505">
    <system-out><![CDATA[
@isProductPageDisplayed @ProductPriceCheck
Scenario Outline: Überprüfung der Produktanzeige mit Preisen     # src/test/resources/features/Products_Price.feature:17
  Given der Benutzer befindet sich auf der Login-Seite           # stepdefinitions.LoginSteps.userIsOnLoginPage()
  When der Benutzer gibt "standard_user" und "secret_sauce" ein  # stepdefinitions.LoginSteps.enterCredentials(java.lang.String,java.lang.String)
  Then wird die Produkte-Seite angezeigt                         # stepdefinitions.LoginSteps.verifyProductsPage()
  Given der Benutzer sieht das Produkt "Sauce Labs Backpack"     # stepdefinitions.Products_Price.userSeesProduct(java.lang.String)
  Then wird der "$29.99" für das "Sauce Labs Backpack" angezeigt # stepdefinitions.Products_Price.verifyProductPrice(java.lang.String,java.lang.String)
]]></system-out>
    <system-err><![CDATA[Juli 28, 2025 6:04:19 PM org.openqa.selenium.devtools.CdpVersionFinder findNearestMatch
WARNUNG: Unable to find CDP implementation matching 138
Juli 28, 2025 6:04:19 PM org.openqa.selenium.chromium.ChromiumDriver lambda$new$5
WARNUNG: Unable to find version of CDP to use for 138.0.7204.169. You may need to include a dependency on a specific version of the CDP using something similar to `org.seleniumhq.selenium:selenium-devtools-v86:4.22.0` where the version ("v86") matches the version of the chromium-based browser you're using and the version number of the artifact is the same as Selenium's.
]]></system-err>
  </testcase>
  <testcase name="Überprüfung der Produktanzeige mit Preisen #2" classname="Anzeige von Produktnamen und Preisen" time="9.568">
    <system-out><![CDATA[
@isProductPageDisplayed @ProductPriceCheck
Scenario Outline: Überprüfung der Produktanzeige mit Preisen      # src/test/resources/features/Products_Price.feature:18
  Given der Benutzer befindet sich auf der Login-Seite            # stepdefinitions.LoginSteps.userIsOnLoginPage()
  When der Benutzer gibt "standard_user" und "secret_sauce" ein   # stepdefinitions.LoginSteps.enterCredentials(java.lang.String,java.lang.String)
  Then wird die Produkte-Seite angezeigt                          # stepdefinitions.LoginSteps.verifyProductsPage()
  Given der Benutzer sieht das Produkt "Sauce Labs Bike Light"    # stepdefinitions.Products_Price.userSeesProduct(java.lang.String)
  Then wird der "$9.99" für das "Sauce Labs Bike Light" angezeigt # stepdefinitions.Products_Price.verifyProductPrice(java.lang.String,java.lang.String)
]]></system-out>
    <system-err><![CDATA[Juli 28, 2025 6:04:28 PM org.openqa.selenium.devtools.CdpVersionFinder findNearestMatch
WARNUNG: Unable to find CDP implementation matching 138
Juli 28, 2025 6:04:28 PM org.openqa.selenium.chromium.ChromiumDriver lambda$new$5
WARNUNG: Unable to find version of CDP to use for 138.0.7204.169. You may need to include a dependency on a specific version of the CDP using something similar to `org.seleniumhq.selenium:selenium-devtools-v86:4.22.0` where the version ("v86") matches the version of the chromium-based browser you're using and the version number of the artifact is the same as Selenium's.
]]></system-err>
  </testcase>
  <testcase name="Überprüfung der Produktanzeige mit Preisen #3" classname="Anzeige von Produktnamen und Preisen" time="7.32">
    <system-out><![CDATA[
@isProductPageDisplayed @ProductPriceCheck
Scenario Outline: Überprüfung der Produktanzeige mit Preisen         # src/test/resources/features/Products_Price.feature:19
  Given der Benutzer befindet sich auf der Login-Seite               # stepdefinitions.LoginSteps.userIsOnLoginPage()
  When der Benutzer gibt "standard_user" und "secret_sauce" ein      # stepdefinitions.LoginSteps.enterCredentials(java.lang.String,java.lang.String)
  Then wird die Produkte-Seite angezeigt                             # stepdefinitions.LoginSteps.verifyProductsPage()
  Given der Benutzer sieht das Produkt "Sauce Labs Bolt T-Shirt"     # stepdefinitions.Products_Price.userSeesProduct(java.lang.String)
  Then wird der "$15.99" für das "Sauce Labs Bolt T-Shirt" angezeigt # stepdefinitions.Products_Price.verifyProductPrice(java.lang.String,java.lang.String)
]]></system-out>
    <system-err><![CDATA[Juli 28, 2025 6:04:37 PM org.openqa.selenium.devtools.CdpVersionFinder findNearestMatch
WARNUNG: Unable to find CDP implementation matching 138
Juli 28, 2025 6:04:37 PM org.openqa.selenium.chromium.ChromiumDriver lambda$new$5
WARNUNG: Unable to find version of CDP to use for 138.0.7204.169. You may need to include a dependency on a specific version of the CDP using something similar to `org.seleniumhq.selenium:selenium-devtools-v86:4.22.0` where the version ("v86") matches the version of the chromium-based browser you're using and the version number of the artifact is the same as Selenium's.
]]></system-err>
  </testcase>
  <testcase name="Überprüfung der Produktanzeige und Preis im Warenkorb #1" classname="Anzeige von Produktnamen und Preisen" time="7.688">
    <system-out><![CDATA[
@isProductPageDisplayed @CartPriceCheck
Scenario: Überprüfung der Produktanzeige und Preis im Warenkorb              # src/test/resources/features/Products_Price.feature:30
  Given der Benutzer befindet sich auf der Login-Seite                       # stepdefinitions.LoginSteps.userIsOnLoginPage()
  When der Benutzer gibt "standard_user" und "secret_sauce" ein              # stepdefinitions.LoginSteps.enterCredentials(java.lang.String,java.lang.String)
  Then wird die Produkte-Seite angezeigt                                     # stepdefinitions.LoginSteps.verifyProductsPage()
  Given der Benutzer wählt das "Sauce Labs Backpack" aus                     # stepdefinitions.Products_CartSteps.iAmOnTheProductsPage(java.lang.String)
  When der Benutzer klickt auf "Add to cart"                                 # stepdefinitions.Products_CartSteps.iAddAProductToTheCart()
  And der Benutzer klickt auf den Warenkorb                                  # stepdefinitions.Products_CartSteps.iGoToTheCart()
  Then befindet sich das "Sauce Labs Backpack" im Warenkorb                  # stepdefinitions.Products_CartSteps.theProductShouldBeInTheCart(java.lang.String)
  And wird der "$29.99" für das "Sauce Labs Backpack" im Warenkorb angezeigt # stepdefinitions.Products_Price.verifyPriceAndProductName(java.lang.String,java.lang.String)
]]></system-out>
    <system-err><![CDATA[Juli 28, 2025 6:04:45 PM org.openqa.selenium.devtools.CdpVersionFinder findNearestMatch
WARNUNG: Unable to find CDP implementation matching 138
Juli 28, 2025 6:04:45 PM org.openqa.selenium.chromium.ChromiumDriver lambda$new$5
WARNUNG: Unable to find version of CDP to use for 138.0.7204.169. You may need to include a dependency on a specific version of the CDP using something similar to `org.seleniumhq.selenium:selenium-devtools-v86:4.22.0` where the version ("v86") matches the version of the chromium-based browser you're using and the version number of the artifact is the same as Selenium's.
]]></system-err>
  </testcase>
  <testcase name="Überprüfung der Produktanzeige und Preis im Warenkorb #2" classname="Anzeige von Produktnamen und Preisen" time="8.665">
    <system-out><![CDATA[
@isProductPageDisplayed @CartPriceCheck
Scenario: Überprüfung der Produktanzeige und Preis im Warenkorb               # src/test/resources/features/Products_Price.feature:31
  Given der Benutzer befindet sich auf der Login-Seite                        # stepdefinitions.LoginSteps.userIsOnLoginPage()
  When der Benutzer gibt "standard_user" und "secret_sauce" ein               # stepdefinitions.LoginSteps.enterCredentials(java.lang.String,java.lang.String)
  Then wird die Produkte-Seite angezeigt                                      # stepdefinitions.LoginSteps.verifyProductsPage()
  Given der Benutzer wählt das "Sauce Labs Bike Light" aus                    # stepdefinitions.Products_CartSteps.iAmOnTheProductsPage(java.lang.String)
  When der Benutzer klickt auf "Add to cart"                                  # stepdefinitions.Products_CartSteps.iAddAProductToTheCart()
  And der Benutzer klickt auf den Warenkorb                                   # stepdefinitions.Products_CartSteps.iGoToTheCart()
  Then befindet sich das "Sauce Labs Bike Light" im Warenkorb                 # stepdefinitions.Products_CartSteps.theProductShouldBeInTheCart(java.lang.String)
  And wird der "$9.99" für das "Sauce Labs Bike Light" im Warenkorb angezeigt # stepdefinitions.Products_Price.verifyPriceAndProductName(java.lang.String,java.lang.String)
]]></system-out>
    <system-err><![CDATA[Juli 28, 2025 6:04:52 PM org.openqa.selenium.devtools.CdpVersionFinder findNearestMatch
WARNUNG: Unable to find CDP implementation matching 138
Juli 28, 2025 6:04:52 PM org.openqa.selenium.chromium.ChromiumDriver lambda$new$5
WARNUNG: Unable to find version of CDP to use for 138.0.7204.169. You may need to include a dependency on a specific version of the CDP using something similar to `org.seleniumhq.selenium:selenium-devtools-v86:4.22.0` where the version ("v86") matches the version of the chromium-based browser you're using and the version number of the artifact is the same as Selenium's.
]]></system-err>
  </testcase>
  <testcase name="Überprüfung der Produktanzeige und Preis im Warenkorb #3" classname="Anzeige von Produktnamen und Preisen" time="11.104">
    <system-out><![CDATA[
@isProductPageDisplayed @CartPriceCheck
Scenario: Überprüfung der Produktanzeige und Preis im Warenkorb                  # src/test/resources/features/Products_Price.feature:32
  Given der Benutzer befindet sich auf der Login-Seite                           # stepdefinitions.LoginSteps.userIsOnLoginPage()
  When der Benutzer gibt "standard_user" und "secret_sauce" ein                  # stepdefinitions.LoginSteps.enterCredentials(java.lang.String,java.lang.String)
  Then wird die Produkte-Seite angezeigt                                         # stepdefinitions.LoginSteps.verifyProductsPage()
  Given der Benutzer wählt das "Sauce Labs Bolt T-Shirt" aus                     # stepdefinitions.Products_CartSteps.iAmOnTheProductsPage(java.lang.String)
  When der Benutzer klickt auf "Add to cart"                                     # stepdefinitions.Products_CartSteps.iAddAProductToTheCart()
  And der Benutzer klickt auf den Warenkorb                                      # stepdefinitions.Products_CartSteps.iGoToTheCart()
  Then befindet sich das "Sauce Labs Bolt T-Shirt" im Warenkorb                  # stepdefinitions.Products_CartSteps.theProductShouldBeInTheCart(java.lang.String)
  And wird der "$15.99" für das "Sauce Labs Bolt T-Shirt" im Warenkorb angezeigt # stepdefinitions.Products_Price.verifyPriceAndProductName(java.lang.String,java.lang.String)
]]></system-out>
    <system-err><![CDATA[Juli 28, 2025 6:05:01 PM org.openqa.selenium.devtools.CdpVersionFinder findNearestMatch
WARNUNG: Unable to find CDP implementation matching 138
Juli 28, 2025 6:05:01 PM org.openqa.selenium.chromium.ChromiumDriver lambda$new$5
WARNUNG: Unable to find version of CDP to use for 138.0.7204.169. You may need to include a dependency on a specific version of the CDP using something similar to `org.seleniumhq.selenium:selenium-devtools-v86:4.22.0` where the version ("v86") matches the version of the chromium-based browser you're using and the version number of the artifact is the same as Selenium's.
]]></system-err>
  </testcase>
</testsuite>